2025/09/24 09:50:03 Log ini masuk ke console dan file
2025/09/24 09:54:59 failed to connect to database: failed to connect to `user=root database=hotel_user_service`: 127.0.0.1:5433 (localhost): dial error: dial tcp 127.0.0.1:5433: connect: connection refused
2025/09/24 09:56:46 failed to connect to database: failed to connect to `user=root database=hotel_user_service`: 127.0.0.1:5433 (localhost): dial error: dial tcp 127.0.0.1:5433: connect: connection refused
2025/09/24 10:05:06 role ADMIN successfully seeded
2025/09/24 10:05:06 role CUSTOMER successfully seeded
2025/09/24 10:05:06 user admin successfully seeded
2025/09/24 10:07:55 role ADMIN successfully seeded
2025/09/24 10:07:55 role CUSTOMER successfully seeded
2025/09/24 10:07:56 user admin successfully seeded
2025/09/24 10:07:59 validation error: Key: 'RegisterRequest.ConfirmPassword' Error:Field validation for 'ConfirmPassword' failed on the 'required' tag
2025/09/24 10:08:50 role ADMIN successfully seeded
2025/09/24 10:08:50 role CUSTOMER successfully seeded
2025/09/24 10:08:50 user admin successfully seeded
2025/09/24 10:08:53 validation error: Key: 'RegisterRequest.ConfirmPassword' Error:Field validation for 'ConfirmPassword' failed on the 'required' tag
2025/09/24 10:09:06 error registering user: username already exist
2025/09/24 10:09:48 role ADMIN successfully seeded
2025/09/24 10:09:48 role CUSTOMER successfully seeded
2025/09/24 10:09:48 user admin successfully seeded
2025/09/24 10:10:02 role ADMIN successfully seeded
2025/09/24 10:10:02 role CUSTOMER successfully seeded
2025/09/24 10:10:02 user admin successfully seeded
2025/09/24 10:10:16 role ADMIN successfully seeded
2025/09/24 10:10:16 role CUSTOMER successfully seeded
2025/09/24 10:10:16 user admin successfully seeded
2025/09/24 10:10:27 role ADMIN successfully seeded
2025/09/24 10:10:27 role CUSTOMER successfully seeded
2025/09/24 10:10:27 user admin successfully seeded
2025/09/24 10:10:38 role ADMIN successfully seeded
2025/09/24 10:10:38 role CUSTOMER successfully seeded
2025/09/24 10:10:38 user admin successfully seeded
2025/09/24 10:11:45 role ADMIN successfully seeded
2025/09/24 10:11:45 role CUSTOMER successfully seeded
2025/09/24 10:11:45 user admin successfully seeded
2025/09/24 10:11:57 role ADMIN successfully seeded
2025/09/24 10:11:57 role CUSTOMER successfully seeded
2025/09/24 10:11:57 user admin successfully seeded
2025/09/24 10:12:07 role ADMIN successfully seeded
2025/09/24 10:12:07 role CUSTOMER successfully seeded
2025/09/24 10:12:07 user admin successfully seeded
2025/09/24 10:12:15 role ADMIN successfully seeded
2025/09/24 10:12:15 role CUSTOMER successfully seeded
2025/09/24 10:12:16 user admin successfully seeded
2025/09/24 10:12:29 role ADMIN successfully seeded
2025/09/24 10:12:29 role CUSTOMER successfully seeded
2025/09/24 10:12:29 user admin successfully seeded
2025/09/24 10:12:45 role ADMIN successfully seeded
2025/09/24 10:12:45 role CUSTOMER successfully seeded
2025/09/24 10:12:45 user admin successfully seeded
2025/09/24 10:13:12 error registering user: username already exist
2025/09/24 10:14:18 role ADMIN successfully seeded
2025/09/24 10:14:18 role CUSTOMER successfully seeded
2025/09/24 10:14:18 user admin successfully seeded
2025/09/24 10:14:28 role ADMIN successfully seeded
2025/09/24 10:14:28 role CUSTOMER successfully seeded
2025/09/24 10:14:28 user admin successfully seeded
2025/09/24 10:14:45 error: database server failed to execute query
2025/09/24 10:14:45 error: database server failed to execute query
2025/09/24 10:14:45 error getting user by UUID: database server failed to execute query
2025/09/24 10:15:00 error: database server failed to execute query
2025/09/24 10:15:00 error: database server failed to execute query
2025/09/24 10:15:00 error getting user by UUID: database server failed to execute query
2025/09/24 10:16:49 role ADMIN successfully seeded
2025/09/24 10:16:49 role CUSTOMER successfully seeded
2025/09/24 10:16:49 user admin successfully seeded
2025/09/24 10:17:07 role ADMIN successfully seeded
2025/09/24 10:17:07 role CUSTOMER successfully seeded
2025/09/24 10:17:07 user admin successfully seeded
2025/09/24 10:17:26 unauthorized access: unauthorized
2025/09/24 10:17:29 unauthorized access: unauthorized
2025/09/24 10:17:45 role ADMIN successfully seeded
2025/09/24 10:17:45 role CUSTOMER successfully seeded
2025/09/24 10:17:45 user admin successfully seeded
2025/09/24 10:18:01 role ADMIN successfully seeded
2025/09/24 10:18:01 role CUSTOMER successfully seeded
2025/09/24 10:18:01 user admin successfully seeded
2025/09/24 10:18:11 role ADMIN successfully seeded
2025/09/24 10:18:11 role CUSTOMER successfully seeded
2025/09/24 10:18:12 user admin successfully seeded
2025/09/24 10:18:18 role ADMIN successfully seeded
2025/09/24 10:18:18 role CUSTOMER successfully seeded
2025/09/24 10:18:18 user admin successfully seeded
2025/09/24 10:18:21 invalid API key: unauthorized
2025/09/24 10:18:44 invalid API key: unauthorized
2025/09/25 06:36:05 role ADMIN successfully seeded
2025/09/25 06:36:05 role CUSTOMER successfully seeded
2025/09/25 06:36:05 user admin successfully seeded
2025/09/25 06:48:37 role ADMIN successfully seeded
2025/09/25 06:48:37 role CUSTOMER successfully seeded
2025/09/25 06:48:37 user admin successfully seeded
2025/09/25 07:01:14 error registering user: username already exist
2025/09/25 07:02:19 error registering user: username already exist
2025/09/25 07:07:34 role ADMIN successfully seeded
2025/09/25 07:07:34 role CUSTOMER successfully seeded
2025/09/25 07:07:34 user admin successfully seeded
2025/09/25 07:10:50 role ADMIN successfully seeded
2025/09/25 07:10:50 role CUSTOMER successfully seeded
2025/09/25 07:10:50 user admin successfully seeded
2025/09/25 07:11:00 role ADMIN successfully seeded
2025/09/25 07:11:00 role CUSTOMER successfully seeded
2025/09/25 07:11:00 user admin successfully seeded
2025/09/25 07:11:29 role ADMIN successfully seeded
2025/09/25 07:11:29 role CUSTOMER successfully seeded
2025/09/25 07:11:29 user admin successfully seeded
2025/09/25 07:11:49 role ADMIN successfully seeded
2025/09/25 07:11:49 role CUSTOMER successfully seeded
2025/09/25 07:11:49 user admin successfully seeded
2025/09/25 07:12:03 error registering user: username already exist
2025/09/25 07:18:15 role ADMIN successfully seeded
2025/09/25 07:18:15 role CUSTOMER successfully seeded
2025/09/25 07:18:15 user admin successfully seeded
2025/09/25 07:18:31 role ADMIN successfully seeded
2025/09/25 07:18:31 role CUSTOMER successfully seeded
2025/09/25 07:18:32 user admin successfully seeded
2025/09/25 07:19:01 role ADMIN successfully seeded
2025/09/25 07:19:01 role CUSTOMER successfully seeded
2025/09/25 07:19:01 user admin successfully seeded
2025/09/25 07:19:09 role ADMIN successfully seeded
2025/09/25 07:19:09 role CUSTOMER successfully seeded
2025/09/25 07:19:09 user admin successfully seeded
2025/09/25 07:20:00 role ADMIN successfully seeded
2025/09/25 07:20:00 role CUSTOMER successfully seeded
2025/09/25 07:20:00 user admin successfully seeded
2025/09/25 07:21:04 role ADMIN successfully seeded
2025/09/25 07:21:04 role CUSTOMER successfully seeded
2025/09/25 07:21:04 user admin successfully seeded
2025/09/25 07:21:16 role ADMIN successfully seeded
2025/09/25 07:21:16 role CUSTOMER successfully seeded
2025/09/25 07:21:16 user admin successfully seeded
2025/09/25 07:21:34 role ADMIN successfully seeded
2025/09/25 07:21:34 role CUSTOMER successfully seeded
2025/09/25 07:21:34 user admin successfully seeded
2025/09/25 07:22:01 role ADMIN successfully seeded
2025/09/25 07:22:01 role CUSTOMER successfully seeded
2025/09/25 07:22:01 user admin successfully seeded
2025/09/25 07:22:23 role ADMIN successfully seeded
2025/09/25 07:22:23 role CUSTOMER successfully seeded
2025/09/25 07:22:23 user admin successfully seeded
2025/09/25 07:23:04 role ADMIN successfully seeded
2025/09/25 07:23:04 role CUSTOMER successfully seeded
2025/09/25 07:23:04 user admin successfully seeded
2025/09/25 07:24:17 role ADMIN successfully seeded
2025/09/25 07:24:17 role CUSTOMER successfully seeded
2025/09/25 07:24:17 user admin successfully seeded
2025/09/25 07:24:28 role ADMIN successfully seeded
2025/09/25 07:24:28 role CUSTOMER successfully seeded
2025/09/25 07:24:28 user admin successfully seeded
2025/09/25 07:24:34 role ADMIN successfully seeded
2025/09/25 07:24:34 role CUSTOMER successfully seeded
2025/09/25 07:24:34 user admin successfully seeded
2025/09/25 07:24:42 role ADMIN successfully seeded
2025/09/25 07:24:42 role CUSTOMER successfully seeded
2025/09/25 07:24:42 user admin successfully seeded
2025/09/25 07:25:12 role ADMIN successfully seeded
2025/09/25 07:25:12 role CUSTOMER successfully seeded
2025/09/25 07:25:12 user admin successfully seeded
2025/09/25 07:25:26 role ADMIN successfully seeded
2025/09/25 07:25:26 role CUSTOMER successfully seeded
2025/09/25 07:25:26 user admin successfully seeded
2025/09/25 07:31:18 error registering user: username already exist
2025/09/25 07:32:53 role ADMIN successfully seeded
2025/09/25 07:32:53 role CUSTOMER successfully seeded
2025/09/25 07:32:53 user admin successfully seeded
2025/09/25 07:33:10 role ADMIN successfully seeded
2025/09/25 07:33:10 role CUSTOMER successfully seeded
2025/09/25 07:33:10 user admin successfully seeded
2025/09/25 07:33:24 role ADMIN successfully seeded
2025/09/25 07:33:24 role CUSTOMER successfully seeded
2025/09/25 07:33:25 user admin successfully seeded
2025/09/25 07:34:25 role ADMIN successfully seeded
2025/09/25 07:34:25 role CUSTOMER successfully seeded
2025/09/25 07:34:25 user admin successfully seeded
2025/09/25 07:34:39 role ADMIN successfully seeded
2025/09/25 07:34:39 role CUSTOMER successfully seeded
2025/09/25 07:34:39 user admin successfully seeded
2025/09/25 07:34:57 role ADMIN successfully seeded
2025/09/25 07:34:57 role CUSTOMER successfully seeded
2025/09/25 07:34:57 user admin successfully seeded
2025/09/25 07:35:18 role ADMIN successfully seeded
2025/09/25 07:35:18 role CUSTOMER successfully seeded
2025/09/25 07:35:18 user admin successfully seeded
2025/09/25 07:35:24 error registering user: username already exist
2025/09/25 07:35:25 error registering user: username already exist
2025/09/25 07:36:05 role ADMIN successfully seeded
2025/09/25 07:36:05 role CUSTOMER successfully seeded
2025/09/25 07:36:05 user admin successfully seeded
2025/09/25 07:36:11 role ADMIN successfully seeded
2025/09/25 07:36:11 role CUSTOMER successfully seeded
2025/09/25 07:36:11 user admin successfully seeded
2025/09/25 07:36:29 role ADMIN successfully seeded
2025/09/25 07:36:29 role CUSTOMER successfully seeded
2025/09/25 07:36:29 user admin successfully seeded
2025/09/25 07:36:33 error registering user: username already exist
2025/09/25 07:39:57 role ADMIN successfully seeded
2025/09/25 07:39:57 role CUSTOMER successfully seeded
2025/09/25 07:39:57 user admin successfully seeded
2025/09/25 07:40:02 role ADMIN successfully seeded
2025/09/25 07:40:02 role CUSTOMER successfully seeded
2025/09/25 07:40:02 user admin successfully seeded
2025/09/25 07:40:30 role ADMIN successfully seeded
2025/09/25 07:40:30 role CUSTOMER successfully seeded
2025/09/25 07:40:30 user admin successfully seeded
2025/09/25 07:40:38 role ADMIN successfully seeded
2025/09/25 07:40:38 role CUSTOMER successfully seeded
2025/09/25 07:40:39 user admin successfully seeded
2025/09/25 07:41:11 role ADMIN successfully seeded
2025/09/25 07:41:11 role CUSTOMER successfully seeded
2025/09/25 07:41:11 user admin successfully seeded
2025/09/25 07:41:14 error registering user: username already exist
2025/09/25 07:43:17 role ADMIN successfully seeded
2025/09/25 07:43:17 role CUSTOMER successfully seeded
2025/09/25 07:43:18 user admin successfully seeded
2025/09/25 07:50:45 role ADMIN successfully seeded
2025/09/25 07:50:45 role CUSTOMER successfully seeded
2025/09/25 07:50:45 user admin successfully seeded
2025/09/25 07:50:58 role ADMIN successfully seeded
2025/09/25 07:50:58 role CUSTOMER successfully seeded
2025/09/25 07:50:58 user admin successfully seeded
2025/09/25 07:50:58 role ADMIN successfully seeded
2025/09/25 07:50:58 role CUSTOMER successfully seeded
2025/09/25 07:50:58 user admin successfully seeded
2025/09/25 07:51:03 role ADMIN successfully seeded
2025/09/25 07:51:03 role CUSTOMER successfully seeded
2025/09/25 07:51:04 user admin successfully seeded
2025/09/25 07:51:07 error registering user: username already exist
2025/09/25 07:53:31 role ADMIN successfully seeded
2025/09/25 07:53:31 role CUSTOMER successfully seeded
2025/09/25 07:53:31 user admin successfully seeded
2025/09/25 07:53:41 role ADMIN successfully seeded
2025/09/25 07:53:41 role CUSTOMER successfully seeded
2025/09/25 07:53:41 user admin successfully seeded
2025/09/25 07:53:54 role ADMIN successfully seeded
2025/09/25 07:53:54 role CUSTOMER successfully seeded
2025/09/25 07:53:54 user admin successfully seeded
2025/09/25 07:54:11 role ADMIN successfully seeded
2025/09/25 07:54:11 role CUSTOMER successfully seeded
2025/09/25 07:54:11 user admin successfully seeded
2025/09/25 07:57:43 role ADMIN successfully seeded
2025/09/25 07:57:43 role CUSTOMER successfully seeded
2025/09/25 07:57:44 user admin successfully seeded
2025/09/25 07:57:52 role ADMIN successfully seeded
2025/09/25 07:57:52 role CUSTOMER successfully seeded
2025/09/25 07:57:52 user admin successfully seeded
2025/09/25 07:57:56 role ADMIN successfully seeded
2025/09/25 07:57:56 role CUSTOMER successfully seeded
2025/09/25 07:57:56 user admin successfully seeded
2025/09/25 07:58:09 role ADMIN successfully seeded
2025/09/25 07:58:09 role CUSTOMER successfully seeded
2025/09/25 07:58:09 user admin successfully seeded
2025/09/25 07:58:20 role ADMIN successfully seeded
2025/09/25 07:58:20 role CUSTOMER successfully seeded
2025/09/25 07:58:20 user admin successfully seeded
2025/09/25 07:58:51 role ADMIN successfully seeded
2025/09/25 07:58:51 role CUSTOMER successfully seeded
2025/09/25 07:58:51 user admin successfully seeded
2025/09/25 07:58:55 role ADMIN successfully seeded
2025/09/25 07:58:55 role CUSTOMER successfully seeded
2025/09/25 07:58:56 user admin successfully seeded
2025/09/25 07:59:03 role ADMIN successfully seeded
2025/09/25 07:59:03 role CUSTOMER successfully seeded
2025/09/25 07:59:03 user admin successfully seeded
2025/09/25 07:59:16 role ADMIN successfully seeded
2025/09/25 07:59:16 role CUSTOMER successfully seeded
2025/09/25 07:59:16 user admin successfully seeded
2025/09/25 07:59:25 role ADMIN successfully seeded
2025/09/25 07:59:25 role CUSTOMER successfully seeded
2025/09/25 07:59:25 user admin successfully seeded
2025/09/25 07:59:35 role ADMIN successfully seeded
2025/09/25 07:59:35 role CUSTOMER successfully seeded
2025/09/25 07:59:35 user admin successfully seeded
2025/09/25 07:59:41 role ADMIN successfully seeded
2025/09/25 07:59:41 role CUSTOMER successfully seeded
2025/09/25 07:59:41 user admin successfully seeded
2025/09/25 07:59:48 role ADMIN successfully seeded
2025/09/25 07:59:48 role CUSTOMER successfully seeded
2025/09/25 07:59:48 user admin successfully seeded
2025/09/25 07:59:51 role ADMIN successfully seeded
2025/09/25 07:59:51 role CUSTOMER successfully seeded
2025/09/25 07:59:51 user admin successfully seeded
2025/09/25 07:59:56 role ADMIN successfully seeded
2025/09/25 07:59:56 role CUSTOMER successfully seeded
2025/09/25 07:59:57 user admin successfully seeded
2025/09/25 07:59:58 role ADMIN successfully seeded
2025/09/25 07:59:58 role CUSTOMER successfully seeded
2025/09/25 07:59:59 user admin successfully seeded
2025/09/25 08:00:10 role ADMIN successfully seeded
2025/09/25 08:00:10 role CUSTOMER successfully seeded
2025/09/25 08:00:10 user admin successfully seeded
2025/09/25 08:00:28 role ADMIN successfully seeded
2025/09/25 08:00:28 role CUSTOMER successfully seeded
2025/09/25 08:00:28 user admin successfully seeded
2025/09/25 08:00:35 role ADMIN successfully seeded
2025/09/25 08:00:35 role CUSTOMER successfully seeded
2025/09/25 08:00:35 user admin successfully seeded
2025/09/25 08:00:37 role ADMIN successfully seeded
2025/09/25 08:00:37 role CUSTOMER successfully seeded
2025/09/25 08:00:41 role ADMIN successfully seeded
2025/09/25 08:00:41 role CUSTOMER successfully seeded
2025/09/25 08:00:41 user admin successfully seeded
2025/09/25 08:00:49 role ADMIN successfully seeded
2025/09/25 08:00:49 role CUSTOMER successfully seeded
2025/09/25 08:00:49 user admin successfully seeded
2025/09/25 08:01:33 role ADMIN successfully seeded
2025/09/25 08:01:33 role CUSTOMER successfully seeded
2025/09/25 08:01:33 user admin successfully seeded
2025/09/25 08:01:35 role ADMIN successfully seeded
2025/09/25 08:01:35 role CUSTOMER successfully seeded
2025/09/25 08:01:35 user admin successfully seeded
2025/09/25 08:01:56 role ADMIN successfully seeded
2025/09/25 08:01:56 role CUSTOMER successfully seeded
2025/09/25 08:01:56 user admin successfully seeded
2025/09/25 08:02:52 role ADMIN successfully seeded
2025/09/25 08:02:52 role CUSTOMER successfully seeded
2025/09/25 08:02:52 user admin successfully seeded
2025/09/25 08:03:04 role ADMIN successfully seeded
2025/09/25 08:03:04 role CUSTOMER successfully seeded
2025/09/25 08:03:04 user admin successfully seeded
2025/09/25 08:03:09 role ADMIN successfully seeded
2025/09/25 08:03:09 role CUSTOMER successfully seeded
2025/09/25 08:03:09 user admin successfully seeded
2025/09/25 08:03:27 role ADMIN successfully seeded
2025/09/25 08:03:27 role CUSTOMER successfully seeded
2025/09/25 08:03:28 user admin successfully seeded
2025/09/25 08:03:38 role ADMIN successfully seeded
2025/09/25 08:03:38 role CUSTOMER successfully seeded
2025/09/25 08:03:38 user admin successfully seeded
2025/09/25 08:03:46 role ADMIN successfully seeded
2025/09/25 08:03:46 role CUSTOMER successfully seeded
2025/09/25 08:03:46 user admin successfully seeded
2025/09/25 08:03:51 role ADMIN successfully seeded
2025/09/25 08:03:51 role CUSTOMER successfully seeded
2025/09/25 08:03:51 user admin successfully seeded
2025/09/25 08:03:58 role ADMIN successfully seeded
2025/09/25 08:03:58 role CUSTOMER successfully seeded
2025/09/25 08:03:58 user admin successfully seeded
2025/09/25 08:04:05 role ADMIN successfully seeded
2025/09/25 08:04:05 role CUSTOMER successfully seeded
2025/09/25 08:04:05 user admin successfully seeded
2025/09/25 08:04:10 role ADMIN successfully seeded
2025/09/25 08:04:10 role CUSTOMER successfully seeded
2025/09/25 08:04:11 user admin successfully seeded
2025/09/25 08:04:16 role ADMIN successfully seeded
2025/09/25 08:04:16 role CUSTOMER successfully seeded
2025/09/25 08:04:16 user admin successfully seeded
2025/09/25 08:04:27 role ADMIN successfully seeded
2025/09/25 08:04:27 role CUSTOMER successfully seeded
2025/09/25 08:04:27 user admin successfully seeded
2025/09/25 08:04:29 role ADMIN successfully seeded
2025/09/25 08:04:29 role CUSTOMER successfully seeded
2025/09/25 08:04:30 role ADMIN successfully seeded
2025/09/25 08:04:30 role CUSTOMER successfully seeded
2025/09/25 08:04:30 user admin successfully seeded
2025/09/25 08:04:42 role ADMIN successfully seeded
2025/09/25 08:04:42 role CUSTOMER successfully seeded
2025/09/25 08:04:42 user admin successfully seeded
2025/09/25 08:04:54 role ADMIN successfully seeded
2025/09/25 08:04:54 role CUSTOMER successfully seeded
2025/09/25 08:04:54 user admin successfully seeded
2025/09/25 08:05:06 role ADMIN successfully seeded
2025/09/25 08:05:06 role CUSTOMER successfully seeded
2025/09/25 08:05:06 user admin successfully seeded
2025/09/25 08:05:17 role ADMIN successfully seeded
2025/09/25 08:05:17 role CUSTOMER successfully seeded
2025/09/25 08:05:17 user admin successfully seeded
2025/09/25 08:05:23 role ADMIN successfully seeded
2025/09/25 08:05:23 role CUSTOMER successfully seeded
2025/09/25 08:05:23 user admin successfully seeded
2025/09/25 08:05:28 role ADMIN successfully seeded
2025/09/25 08:05:28 role CUSTOMER successfully seeded
2025/09/25 08:05:28 user admin successfully seeded
2025/09/25 08:05:33 role ADMIN successfully seeded
2025/09/25 08:05:33 role CUSTOMER successfully seeded
2025/09/25 08:05:33 user admin successfully seeded
2025/09/25 08:05:35 role ADMIN successfully seeded
2025/09/25 08:05:35 role CUSTOMER successfully seeded
2025/09/25 08:05:36 user admin successfully seeded
2025/09/25 08:05:40 role ADMIN successfully seeded
2025/09/25 08:05:40 role CUSTOMER successfully seeded
2025/09/25 08:05:41 user admin successfully seeded
2025/09/25 08:05:47 role ADMIN successfully seeded
2025/09/25 08:05:47 role CUSTOMER successfully seeded
2025/09/25 08:05:48 user admin successfully seeded
2025/09/25 08:06:29 role ADMIN successfully seeded
2025/09/25 08:06:29 role CUSTOMER successfully seeded
2025/09/25 08:06:29 user admin successfully seeded
2025/09/25 08:06:44 role ADMIN successfully seeded
2025/09/25 08:06:44 role CUSTOMER successfully seeded
2025/09/25 08:06:44 user admin successfully seeded
2025/09/25 08:07:05 role ADMIN successfully seeded
2025/09/25 08:07:05 role CUSTOMER successfully seeded
2025/09/25 08:07:05 user admin successfully seeded
2025/09/25 08:07:11 role ADMIN successfully seeded
2025/09/25 08:07:11 role CUSTOMER successfully seeded
2025/09/25 08:07:11 user admin successfully seeded
2025/09/25 08:07:13 role ADMIN successfully seeded
2025/09/25 08:07:13 role CUSTOMER successfully seeded
2025/09/25 08:07:13 user admin successfully seeded
2025/09/25 08:07:15 role ADMIN successfully seeded
2025/09/25 08:07:15 role CUSTOMER successfully seeded
2025/09/25 08:07:15 user admin successfully seeded
2025/09/25 08:07:21 role ADMIN successfully seeded
2025/09/25 08:07:21 role CUSTOMER successfully seeded
2025/09/25 08:07:21 user admin successfully seeded
2025/09/25 08:07:23 role ADMIN successfully seeded
2025/09/25 08:07:23 role CUSTOMER successfully seeded
2025/09/25 08:07:23 user admin successfully seeded
2025/09/25 08:07:28 role ADMIN successfully seeded
2025/09/25 08:07:28 role CUSTOMER successfully seeded
2025/09/25 08:07:28 user admin successfully seeded
2025/09/25 08:07:31 role ADMIN successfully seeded
2025/09/25 08:07:31 role CUSTOMER successfully seeded
2025/09/25 08:07:31 user admin successfully seeded
2025/09/25 08:07:44 role ADMIN successfully seeded
2025/09/25 08:07:44 role CUSTOMER successfully seeded
2025/09/25 08:07:44 user admin successfully seeded
2025/09/25 08:10:18 role ADMIN successfully seeded
2025/09/25 08:10:18 role CUSTOMER successfully seeded
2025/09/25 08:10:18 user admin successfully seeded
2025/09/25 08:10:31 role ADMIN successfully seeded
2025/09/25 08:10:31 role CUSTOMER successfully seeded
2025/09/25 08:10:31 user admin successfully seeded
2025/09/25 08:10:59 role ADMIN successfully seeded
2025/09/25 08:10:59 role CUSTOMER successfully seeded
2025/09/25 08:10:59 user admin successfully seeded
2025/09/25 08:11:33 role ADMIN successfully seeded
2025/09/25 08:11:33 role CUSTOMER successfully seeded
2025/09/25 08:11:33 user admin successfully seeded
2025/09/25 08:19:44 error registering user: username already exist
2025/09/29 07:28:43 role ADMIN successfully seeded
2025/09/29 07:28:43 role CUSTOMER successfully seeded
2025/09/29 07:28:43 user admin successfully seeded
2025/09/29 13:31:46 role ADMIN successfully seeded
2025/09/29 13:31:46 role CUSTOMER successfully seeded
2025/09/29 13:31:46 user admin successfully seeded
